[2022-11-13 01:25:16,505][ai4sci.ilsvrc_dataset][INFO] - input filelist contains 1281167 files, estimated batches per rank 312
[2022-11-13 01:25:18,806][ai4sci.ilsvrc_dataset][INFO] - input filelist contains 50000 files, estimated batches per rank 12
[2022-11-13 01:25:45,063][ai4sci.trainer][INFO] - [0] [0/1: 0 / 80072 (0%)] epoch=0.0000 dt=23.2620 running_loss=0.0001 batch_loss=0.0291 acc=0.0000 batch_acc=0.0000
[2022-11-13 01:25:52,720][ai4sci.trainer][INFO] - [0] [0/1: 2560 / 80072 (3%)] epoch=0.0000 dt=0.3139 running_loss=0.0011 batch_loss=0.0273 acc=0.0000 batch_acc=0.0039
[2022-11-13 01:25:58,011][ai4sci.trainer][INFO] - [0] [0/1: 5120 / 80072 (6%)] epoch=0.0000 dt=0.5085 running_loss=0.0020 batch_loss=0.0273 acc=0.0001 batch_acc=0.0000
[2022-11-13 01:26:03,286][ai4sci.trainer][INFO] - [0] [0/1: 7680 / 80072 (10%)] epoch=0.0000 dt=0.4790 running_loss=0.0029 batch_loss=0.0284 acc=0.0001 batch_acc=0.0000
[2022-11-13 01:26:08,770][ai4sci.trainer][INFO] - [0] [0/1: 10240 / 80072 (13%)] epoch=0.0000 dt=0.5152 running_loss=0.0038 batch_loss=0.0270 acc=0.0002 batch_acc=0.0000
[2022-11-13 01:26:15,472][ai4sci.trainer][INFO] - [0] [0/1: 12800 / 80072 (16%)] epoch=0.0000 dt=0.7804 running_loss=0.0046 batch_loss=0.0267 acc=0.0003 batch_acc=0.0000
[2022-11-13 01:26:21,311][ai4sci.trainer][INFO] - [0] [0/1: 15360 / 80072 (19%)] epoch=0.0000 dt=0.8039 running_loss=0.0055 batch_loss=0.0267 acc=0.0004 batch_acc=0.0039
[2022-11-13 01:26:26,824][ai4sci.trainer][INFO] - [0] [0/1: 17920 / 80072 (22%)] epoch=0.0000 dt=0.5030 running_loss=0.0063 batch_loss=0.0265 acc=0.0005 batch_acc=0.0000
[2022-11-13 01:26:32,223][ai4sci.trainer][INFO] - [0] [0/1: 20480 / 80072 (26%)] epoch=0.0000 dt=0.3846 running_loss=0.0072 batch_loss=0.0266 acc=0.0006 batch_acc=0.0039
[2022-11-13 01:26:37,636][ai4sci.trainer][INFO] - [0] [0/1: 23040 / 80072 (29%)] epoch=0.0000 dt=0.4899 running_loss=0.0080 batch_loss=0.0267 acc=0.0007 batch_acc=0.0000
[2022-11-13 01:26:43,283][ai4sci.trainer][INFO] - [0] [0/1: 25600 / 80072 (32%)] epoch=0.0000 dt=0.5309 running_loss=0.0089 batch_loss=0.0264 acc=0.0008 batch_acc=0.0039
[2022-11-13 01:26:49,409][ai4sci.trainer][INFO] - [0] [0/1: 28160 / 80072 (35%)] epoch=0.0000 dt=0.3750 running_loss=0.0097 batch_loss=0.0267 acc=0.0009 batch_acc=0.0000
[2022-11-13 01:26:54,616][ai4sci.trainer][INFO] - [0] [0/1: 30720 / 80072 (38%)] epoch=0.0000 dt=0.4450 running_loss=0.0106 batch_loss=0.0266 acc=0.0010 batch_acc=0.0039
[2022-11-13 01:27:00,925][ai4sci.trainer][INFO] - [0] [0/1: 33280 / 80072 (42%)] epoch=0.0000 dt=1.4734 running_loss=0.0114 batch_loss=0.0262 acc=0.0011 batch_acc=0.0039
[2022-11-13 01:27:05,807][ai4sci.trainer][INFO] - [0] [0/1: 35840 / 80072 (45%)] epoch=0.0000 dt=0.4194 running_loss=0.0123 batch_loss=0.0263 acc=0.0012 batch_acc=0.0078
[2022-11-13 01:27:11,817][ai4sci.trainer][INFO] - [0] [0/1: 38400 / 80072 (48%)] epoch=0.0000 dt=0.4997 running_loss=0.0131 batch_loss=0.0265 acc=0.0014 batch_acc=0.0000
[2022-11-13 01:27:19,252][ai4sci.trainer][INFO] - [0] [0/1: 40960 / 80072 (51%)] epoch=0.0000 dt=0.4079 running_loss=0.0140 batch_loss=0.0262 acc=0.0016 batch_acc=0.0195
[2022-11-13 01:27:24,081][ai4sci.trainer][INFO] - [0] [0/1: 43520 / 80072 (54%)] epoch=0.0000 dt=0.3623 running_loss=0.0148 batch_loss=0.0259 acc=0.0017 batch_acc=0.0078
[2022-11-13 01:27:29,549][ai4sci.trainer][INFO] - [0] [0/1: 46080 / 80072 (58%)] epoch=0.0000 dt=0.2776 running_loss=0.0156 batch_loss=0.0261 acc=0.0018 batch_acc=0.0078
[2022-11-13 01:27:35,100][ai4sci.trainer][INFO] - [0] [0/1: 48640 / 80072 (61%)] epoch=0.0000 dt=0.8052 running_loss=0.0165 batch_loss=0.0258 acc=0.0020 batch_acc=0.0078
[2022-11-13 01:27:41,051][ai4sci.trainer][INFO] - [0] [0/1: 51200 / 80072 (64%)] epoch=0.0000 dt=0.4565 running_loss=0.0173 batch_loss=0.0259 acc=0.0022 batch_acc=0.0078
[2022-11-13 01:27:46,501][ai4sci.trainer][INFO] - [0] [0/1: 53760 / 80072 (67%)] epoch=0.0000 dt=0.4607 running_loss=0.0181 batch_loss=0.0265 acc=0.0023 batch_acc=0.0000
[2022-11-13 01:27:52,417][ai4sci.trainer][INFO] - [0] [0/1: 56320 / 80072 (71%)] epoch=0.0000 dt=0.6549 running_loss=0.0190 batch_loss=0.0259 acc=0.0024 batch_acc=0.0000
[2022-11-13 01:27:58,372][ai4sci.trainer][INFO] - [0] [0/1: 58880 / 80072 (74%)] epoch=0.0000 dt=0.5174 running_loss=0.0198 batch_loss=0.0262 acc=0.0027 batch_acc=0.0078
[2022-11-13 01:28:05,876][ai4sci.trainer][INFO] - [0] [0/1: 61440 / 80072 (77%)] epoch=0.0000 dt=0.4784 running_loss=0.0206 batch_loss=0.0256 acc=0.0028 batch_acc=0.0039
[2022-11-13 01:28:11,723][ai4sci.trainer][INFO] - [0] [0/1: 64000 / 80072 (80%)] epoch=0.0000 dt=0.4469 running_loss=0.0214 batch_loss=0.0260 acc=0.0031 batch_acc=0.0000
[2022-11-13 01:28:16,941][ai4sci.trainer][INFO] - [0] [0/1: 66560 / 80072 (83%)] epoch=0.0000 dt=0.4759 running_loss=0.0222 batch_loss=0.0254 acc=0.0034 batch_acc=0.0078
[2022-11-13 01:28:22,775][ai4sci.trainer][INFO] - [0] [0/1: 69120 / 80072 (87%)] epoch=0.0000 dt=0.5522 running_loss=0.0231 batch_loss=0.0246 acc=0.0037 batch_acc=0.0195
[2022-11-13 01:28:29,108][ai4sci.trainer][INFO] - [0] [0/1: 71680 / 80072 (90%)] epoch=0.0000 dt=0.4393 running_loss=0.0239 batch_loss=0.0249 acc=0.0040 batch_acc=0.0039
[2022-11-13 01:28:33,973][ai4sci.trainer][INFO] - [0] [0/1: 74240 / 80072 (93%)] epoch=0.0000 dt=0.4041 running_loss=0.0247 batch_loss=0.0249 acc=0.0044 batch_acc=0.0117
[2022-11-13 01:28:39,247][ai4sci.trainer][INFO] - [0] [0/1: 76800 / 80072 (96%)] epoch=0.0000 dt=0.4368 running_loss=0.0255 batch_loss=0.0247 acc=0.0049 batch_acc=0.0195
[2022-11-13 01:28:45,414][ai4sci.trainer][INFO] - [0] [0/1: 79360 / 80072 (99%)] epoch=0.0000 dt=0.4472 running_loss=0.0263 batch_loss=0.0249 acc=0.0055 batch_acc=0.0117
[2022-11-13 01:28:47,510][__main__][INFO] - Total training time: 213.2711501121521 seconds
[2022-11-13 01:28:47,510][__main__][INFO] - Total training time: 213.26897883415222 seconds
[2022-11-13 01:28:47,510][__main__][INFO] - Total training time: 213.27052760124207 seconds
[2022-11-13 01:28:47,510][__main__][INFO] - Total training time: 213.27001452445984 seconds
[2022-11-13 01:28:47,510][__main__][INFO] - Total training time: 213.27239274978638 seconds
[2022-11-13 01:28:47,510][__main__][INFO] - Total training time: 213.27052664756775 seconds
[2022-11-13 01:28:47,510][__main__][INFO] - Total training time: 213.27060794830322 seconds
[2022-11-13 01:28:47,510][__main__][INFO] - Total training time: 213.27603721618652 seconds
[2022-11-13 01:28:47,512][__main__][INFO] - Average time per epoch in the last 5: 209.0066797733307
[2022-11-13 01:28:47,512][__main__][INFO] - Average time per epoch in the last 5: 209.01179194450378
[2022-11-13 01:28:47,512][__main__][INFO] - Average time per epoch in the last 5: 209.0314235687256
[2022-11-13 01:28:47,512][__main__][INFO] - Average time per epoch in the last 5: 209.02323055267334
[2022-11-13 01:28:47,512][__main__][INFO] - Average time per epoch in the last 5: 208.8994448184967
[2022-11-13 01:28:47,511][__main__][INFO] - Total training time: 212.93180799484253 seconds
[2022-11-13 01:28:47,512][__main__][INFO] - Average time per epoch in the last 5: 208.9426097869873
[2022-11-13 01:28:47,511][__main__][INFO] - Total training time: 212.9319281578064 seconds
[2022-11-13 01:28:47,512][__main__][INFO] - Average time per epoch in the last 5: 209.02970242500305
[2022-11-13 01:28:47,514][__main__][INFO] - Total training time: 212.9341320991516 seconds
[2022-11-13 01:28:47,512][__main__][INFO] - Average time per epoch in the last 5: 209.02552556991577
[2022-11-13 01:28:47,514][__main__][INFO] - Total training time: 212.9345724582672 seconds
[2022-11-13 01:28:47,518][__main__][INFO] - Total training time: 212.9388222694397 seconds
[2022-11-13 01:28:47,518][__main__][INFO] - Total training time: 212.93855547904968 seconds
[2022-11-13 01:28:47,520][__main__][INFO] - Total training time: 212.94080185890198 seconds
[2022-11-13 01:28:47,554][__main__][INFO] - Average time per epoch in the last 5: 208.59136962890625
[2022-11-13 01:28:47,554][__main__][INFO] - Average time per epoch in the last 5: 208.58646154403687
[2022-11-13 01:28:47,554][__main__][INFO] - Average time per epoch in the last 5: 208.5976173877716
[2022-11-13 01:28:47,554][__main__][INFO] - Average time per epoch in the last 5: 208.59221029281616
[2022-11-13 01:28:47,554][__main__][INFO] - Average time per epoch in the last 5: 208.5953130722046
[2022-11-13 01:28:47,554][__main__][INFO] - Average time per epoch in the last 5: 208.59417462348938
[2022-11-13 01:28:47,554][__main__][INFO] - Average time per epoch in the last 5: 208.58934211730957
[2022-11-13 01:28:51,946][__main__][INFO] - -------------------
[2022-11-13 01:28:51,946][__main__][INFO] - [TEST] Accuracy: 0%
[2022-11-13 01:28:51,947][__main__][INFO] - -------------------
[2022-11-13 01:28:51,949][__main__][INFO] - ----------------------------
[2022-11-13 01:28:51,949][__main__][INFO] - [TRAIN]  loss=0.0016  acc=0%
[2022-11-13 01:28:51,949][__main__][INFO] - ----------------------------
[2022-11-13 01:28:52,622][__main__][INFO] - Total training time: 218.04287481307983 seconds
[2022-11-13 01:28:52,623][__main__][INFO] - Average time per epoch in the last 5: 208.59011149406433
